2021-06-10 11:46:39::REQUEST:: GET /login
2021-06-10 11:57:08::REQUEST:: GET /login
2021-06-10 11:57:32::REQUEST:: GET /login
2021-06-10 11:58:17::REQUEST:: GET /login
2021-06-10 12:00:29::REQUEST:: GET /login
2021-06-10 12:04:30::REQUEST:: GET /admin
2021-06-10 12:04:31::REQUEST:: GET /login
2021-06-10 12:04:31::REQUEST:: GET /admin
2021-06-10 12:04:31::REQUEST:: GET /login
2021-06-10 12:04:36::REQUEST:: GET /admin/1
2021-06-10 12:05:16::REQUEST:: GET /admin/1
2021-06-10 12:06:52::REQUEST:: GET /admin/1
2021-06-10 12:08:05::REQUEST:: GET /admin/1
2021-06-10 12:10:26::REQUEST:: GET /admin/1
2021-06-10 12:11:55::REQUEST:: GET /admin/1
2021-06-10 12:29:16::REQUEST:: GET /admin/1
2021-06-10 16:11:21::REQUEST:: GET /admin
2021-06-10 16:11:21::REQUEST:: GET /login
2021-06-10 16:11:26::REQUEST:: GET /login
2021-06-10 16:11:31::REQUEST:: GET /login
2021-06-10 16:13:38::REQUEST:: GET /login
2021-06-10 16:23:30::REQUEST:: GET /login
2021-06-10 16:23:49::REQUEST:: GET /login
2021-06-10 16:23:55::REQUEST:: GET /login
2021-06-10 16:24:51::REQUEST:: GET /login
2021-06-10 16:25:09::REQUEST:: GET /login
2021-06-10 16:25:15::REQUEST:: GET /login
2021-06-10 16:25:27::REQUEST:: GET /login
2021-06-10 16:25:32::REQUEST:: GET /login
2021-06-10 16:25:36::REQUEST:: GET /login
2021-06-10 16:25:45::REQUEST:: GET /login
2021-06-10 16:25:54::REQUEST:: GET /login
2021-06-10 16:26:03::REQUEST:: GET /login
2021-06-10 16:26:04::REQUEST:: GET /login
2021-06-10 16:26:14::REQUEST:: GET /login
2021-06-10 16:26:28::REQUEST:: GET /login
2021-06-10 16:26:56::REQUEST:: GET /login
2021-06-10 16:27:05::REQUEST:: GET /login
2021-06-10 16:27:11::REQUEST:: GET /login
2021-06-10 16:27:17::REQUEST:: GET /login
2021-06-10 16:27:27::REQUEST:: GET /login
2021-06-10 16:27:38::REQUEST:: GET /login
2021-06-10 16:27:40::REQUEST:: GET /login
2021-06-10 16:27:53::REQUEST:: GET /login
2021-06-10 16:28:08::REQUEST:: GET /login
2021-06-10 16:28:13::REQUEST:: GET /login
2021-06-10 16:28:19::REQUEST:: GET /login
2021-06-10 16:28:27::REQUEST:: GET /login
2021-06-10 16:28:27::REQUEST:: GET /login
2021-06-10 16:28:35::REQUEST:: GET /login
2021-06-10 16:28:41::REQUEST:: GET /login
2021-06-10 16:28:53::REQUEST:: GET /login
2021-06-10 16:29:00::REQUEST:: GET /login
2021-06-10 16:29:13::REQUEST:: GET /login
2021-06-10 16:29:26::REQUEST:: GET /login
2021-06-10 16:29:38::REQUEST:: GET /login
2021-06-10 16:29:50::REQUEST:: GET /login
2021-06-10 16:29:58::REQUEST:: GET /login
2021-06-10 16:30:06::REQUEST:: GET /login
2021-06-10 16:30:20::REQUEST:: GET /login
2021-06-10 16:30:43::REQUEST:: GET /login
2021-06-10 16:30:50::REQUEST:: GET /login
2021-06-10 16:31:06::REQUEST:: GET /login
2021-06-10 16:31:19::REQUEST:: GET /login
2021-06-10 16:31:34::REQUEST:: GET /login
2021-06-10 16:31:50::REQUEST:: GET /login
2021-06-10 16:31:57::REQUEST:: GET /login
2021-06-10 16:32:40::REQUEST:: GET /login
2021-06-10 16:32:48::REQUEST:: GET /login
2021-06-10 16:33:04::REQUEST:: GET /login
2021-06-10 16:35:24::REQUEST:: GET /login
2021-06-10 16:35:58::REQUEST:: GET /login
2021-06-10 16:36:10::REQUEST:: GET /login
2021-06-10 16:36:20::REQUEST:: GET /login
2021-06-10 16:37:25::REQUEST:: GET /login
2021-06-10 16:44:23::REQUEST:: GET /login
2021-06-10 16:44:48::REQUEST:: GET /login
2021-06-10 16:44:55::REQUEST:: GET /login
2021-06-10 16:45:09::REQUEST:: GET /login
2021-06-10 16:45:20::REQUEST:: GET /login
2021-06-10 16:46:09::REQUEST:: GET /login
2021-06-10 16:46:37::REQUEST:: GET /login
2021-06-10 16:46:54::REQUEST:: GET /login
2021-06-10 16:47:24::REQUEST:: GET /login
2021-06-10 16:47:56::REQUEST:: GET /login
2021-06-10 16:48:16::REQUEST:: GET /login
2021-06-10 16:48:43::REQUEST:: GET /login
2021-06-10 16:49:01::REQUEST:: GET /login
2021-06-10 16:49:07::REQUEST:: GET /login
2021-06-10 16:49:36::REQUEST:: GET /login
2021-06-10 16:49:51::REQUEST:: GET /login
2021-06-10 16:50:02::REQUEST:: GET /login
2021-06-10 16:50:22::REQUEST:: GET /login
2021-06-10 16:50:27::REQUEST:: GET /login
2021-06-10 16:55:38::REQUEST:: GET /login
2021-06-10 17:01:13::REQUEST:: GET /login
2021-06-10 17:11:16::REQUEST:: GET /login
2021-06-10 17:11:41::REQUEST:: GET /login
2021-06-10 17:12:02::REQUEST:: GET /login
2021-06-10 17:13:16::REQUEST:: GET /login
2021-06-10 17:15:42::REQUEST:: GET /login
2021-06-10 17:15:51::REQUEST:: GET /login
2021-06-10 17:16:01::REQUEST:: GET /login
2021-06-10 17:16:13::REQUEST:: GET /login
2021-06-10 17:16:23::REQUEST:: GET /login
2021-06-10 17:16:51::REQUEST:: GET /login
2021-06-10 17:17:13::REQUEST:: GET /login
2021-06-10 17:17:45::REQUEST:: GET /login
2021-06-10 17:18:13::REQUEST:: GET /login
2021-06-10 17:18:21::REQUEST:: GET /login
2021-06-10 17:18:42::REQUEST:: GET /login
2021-06-10 17:19:07::REQUEST:: GET /login
2021-06-10 17:19:55::REQUEST:: POST /login
2021-06-10 17:27:48::REQUEST:: POST /login
2021-06-10 17:29:48::REQUEST:: POST /login
2021-06-10 17:30:23::REQUEST:: POST /login
2021-06-10 17:32:51::REQUEST:: POST /login
2021-06-10 17:58:42::REQUEST:: POST /login
2021-06-10 17:59:36::REQUEST:: POST /login
2021-06-10 18:16:15::REQUEST:: POST /login
2021-06-10 18:26:22::REQUEST:: POST /login
2021-06-10 18:27:33::REQUEST:: POST /login
2021-06-10 18:28:17::REQUEST:: POST /login
2021-06-10 19:28:24::REQUEST:: GET /admin
2021-06-10 19:28:25::REQUEST:: GET /login
2021-06-10 19:28:40::REQUEST:: GET /login
2021-06-11 12:59:11::REQUEST:: GET /
2021-06-11 12:59:11::DATABASE QUERY:: SELECT * FROM users  WHERE (email='tsiresymila@gmail.com' AND soft_deleted='0') OR id='1' AND (email='tsiresymila@gmail.com' AND soft_deleted='0')
2021-06-11 12:59:11::DATABASE QUERY:: SELECT * FROM users WHERE id=1 AND id=2 AND id=3
2021-06-11 12:59:11::DATABASE QUERY:: SELECT * FROM users WHERE id=1
2021-06-11 12:59:11::DATABASE QUERY:: SELECT * FROM users 
2021-06-11 12:59:11::DATABASE QUERY:: UPDATE users SET password='dkY1dVZCbXozWHFSem9yeWZId2hBdz09' WHERE id='2'
2021-06-11 12:59:22::REQUEST:: GET /login
2021-06-11 12:59:23::REQUEST:: GET /css/bootstrap.min.css
2021-06-11 12:59:23::REQUEST:: GET /js/bootstrap.bundle.min.js
2021-06-11 12:59:23::REQUEST:: GET /images/fond.jpg
2021-06-11 13:00:38::REQUEST:: GET /login
2021-06-11 13:00:38::REQUEST:: GET /css/bootstrap.min.css
2021-06-11 13:00:38::REQUEST:: GET /js/bootstrap.bundle.min.js
2021-06-11 13:00:38::REQUEST:: GET /images/fond.jpg
2021-06-11 13:00:57::REQUEST:: GET /login
2021-06-11 13:00:58::REQUEST:: GET /css/bootstrap.min.css
2021-06-11 13:00:58::REQUEST:: GET /js/bootstrap.bundle.min.js
2021-06-11 13:00:58::REQUEST:: GET /images/fond.jpg
2021-06-11 13:01:01::REQUEST:: GET /css/bootstrap.min.css
2021-06-11 13:01:29::REQUEST:: GET /login
2021-06-11 13:01:29::REQUEST:: GET /asstes/css/bootstrap.min.css
2021-06-11 13:01:29::REQUEST:: GET /asstes/js/bootstrap.bundle.min.js
2021-06-11 13:01:29::REQUEST:: GET /images/fond.jpg
2021-06-11 13:01:45::REQUEST:: GET /login
2021-06-11 13:01:46::REQUEST:: GET /images/fond.jpg
2021-06-11 13:01:49::REQUEST:: GET /login
2021-06-11 13:01:50::REQUEST:: GET /images/fond.jpg
2021-06-11 13:02:07::REQUEST:: GET /login
2021-06-11 13:04:50::REQUEST:: GET /login
2021-06-11 13:05:01::REQUEST:: POST /login
