2021-08-18 23:40:48::REQUEST:: GET /admin
2021-08-18 23:40:48::DATABASE QUERY:: SELECT * FROM users WHERE email='' AND password=''
2021-08-18 23:40:52::REQUEST:: GET /login
2021-08-18 23:41:05::REQUEST:: POST /login
2021-08-18 23:41:05::DATABASE QUERY:: SELECT * FROM users WHERE email='tsiresy@gmail.com' AND password='azgxS3BSRDIvT1BYQ3hCWi9STmt1Zz09'
2021-08-18 23:41:06::REQUEST:: GET /admin
2021-08-18 23:41:06::DATABASE QUERY:: SELECT * FROM users WHERE email='' AND password=''
2021-08-18 23:41:06::REQUEST:: GET /login
2021-08-18 23:41:07::REQUEST:: POST /login
2021-08-18 23:41:07::DATABASE QUERY:: SELECT * FROM users WHERE email='tsiresy@gmail.com' AND password='azgxS3BSRDIvT1BYQ3hCWi9STmt1Zz09'
2021-08-18 23:41:07::REQUEST:: GET /admin
2021-08-18 23:41:07::DATABASE QUERY:: SELECT * FROM users WHERE email='' AND password=''
2021-08-18 23:41:07::REQUEST:: GET /login
2021-08-18 23:42:03::REQUEST:: POST /login
2021-08-18 23:42:03::DATABASE QUERY:: SELECT * FROM users WHERE email='tsiresy@gmail.com' AND password='azgxS3BSRDIvT1BYQ3hCWi9STmt1Zz09'
2021-08-18 23:42:03::REQUEST:: GET /admin
2021-08-18 23:42:51::DATABASE QUERY:: SELECT * FROM users WHERE email='' AND password=''
2021-08-18 23:42:51::REQUEST:: GET /login
2021-08-18 23:43:16::REQUEST:: POST /login
2021-08-18 23:43:16::DATABASE QUERY:: SELECT * FROM users WHERE email='tsiresy@gmail.com' AND password='azgxS3BSRDIvT1BYQ3hCWi9STmt1Zz09'
2021-08-18 23:43:16::REQUEST:: GET /admin
2021-08-18 23:43:44::DATABASE QUERY:: SELECT * FROM users WHERE email='' AND password=''
2021-08-18 23:43:44::REQUEST:: GET /login
2021-08-18 23:43:48::REQUEST:: POST /login
2021-08-18 23:43:48::DATABASE QUERY:: SELECT * FROM users WHERE email='tsiresy@gmail.com' AND password='azgxS3BSRDIvT1BYQ3hCWi9STmt1Zz09'
2021-08-18 23:43:48::REQUEST:: GET /admin
2021-08-18 23:43:55::DATABASE QUERY:: SELECT * FROM users WHERE email='' AND password=''
2021-08-18 23:43:55::REQUEST:: GET /login
2021-08-18 23:44:02::REQUEST:: POST /login
2021-08-18 23:44:02::DATABASE QUERY:: SELECT * FROM users WHERE email='tsiresy@gmail.com' AND password='azgxS3BSRDIvT1BYQ3hCWi9STmt1Zz09'
2021-08-18 23:44:02::REQUEST:: GET /admin
2021-08-18 23:45:16::DATABASE QUERY:: SELECT * FROM users WHERE email='' AND password=''
2021-08-18 23:45:16::REQUEST:: GET /login
2021-08-18 23:45:20::REQUEST:: POST /login
2021-08-18 23:45:20::DATABASE QUERY:: SELECT * FROM users WHERE email='tsiresy@gmail.com' AND password='azgxS3BSRDIvT1BYQ3hCWi9STmt1Zz09'
2021-08-18 23:45:20::REQUEST:: GET /admin
2021-08-18 23:46:55::DATABASE QUERY:: SELECT * FROM users WHERE email='' AND password=''
2021-08-18 23:47:27::REQUEST:: GET /admin
2021-08-18 23:47:34::DATABASE QUERY:: SELECT * FROM users WHERE email='' AND password=''
2021-08-18 23:47:34::REQUEST:: GET /login
2021-08-18 23:48:33::REQUEST:: POST /login
2021-08-18 23:48:33::DATABASE QUERY:: SELECT * FROM users WHERE email='tsiresy@gmail.com' AND password='azgxS3BSRDIvT1BYQ3hCWi9STmt1Zz09'
2021-08-18 23:48:44::REQUEST:: GET /admin
2021-08-18 23:48:53::DATABASE QUERY:: SELECT * FROM users WHERE email='tsiresy@gmail.com' AND password=''
2021-08-18 23:48:58::REQUEST:: GET /login
2021-08-18 23:49:23::REQUEST:: POST /login
2021-08-18 23:49:23::DATABASE QUERY:: SELECT * FROM users WHERE email='tsiresy@gmail.com' AND password='azgxS3BSRDIvT1BYQ3hCWi9STmt1Zz09'
2021-08-18 23:50:20::REQUEST:: GET /admin
2021-08-18 23:50:24::DATABASE QUERY:: SELECT * FROM users WHERE email='tsiresy@gmail.com' AND password=''
2021-08-18 23:50:24::REQUEST:: GET /login
2021-08-18 23:50:27::REQUEST:: POST /login
2021-08-18 23:50:27::DATABASE QUERY:: SELECT * FROM users WHERE email='tsiresy@gmail.com' AND password='azgxS3BSRDIvT1BYQ3hCWi9STmt1Zz09'
2021-08-18 23:51:39::REQUEST:: GET /admin
2021-08-18 23:51:43::DATABASE QUERY:: SELECT * FROM users WHERE email='tsiresy@gmail.com' AND password=''
2021-08-18 23:51:43::REQUEST:: GET /login
2021-08-18 23:52:14::REQUEST:: POST /login
2021-08-18 23:52:14::DATABASE QUERY:: SELECT * FROM users WHERE email='tsiresy@gmail.com' AND password='azgxS3BSRDIvT1BYQ3hCWi9STmt1Zz09'
2021-08-18 23:52:57::REQUEST:: GET /admin
2021-08-18 23:53:01::DATABASE QUERY:: SELECT * FROM users WHERE email='tsiresy@gmail.com' AND password='anBHV2JuUCttMHRZZW5aSVBXN2dLUzR6QlkxYTVNbnFwVEVlbkpVMzI5RmxNWlBWV1VlSWExWEZJdGZLUFY2NA'
2021-08-18 23:53:01::REQUEST:: GET /login
2021-08-18 23:53:05::REQUEST:: POST /login
2021-08-18 23:53:05::DATABASE QUERY:: SELECT * FROM users WHERE email='tsiresy@gmail.com' AND password='azgxS3BSRDIvT1BYQ3hCWi9STmt1Zz09'
2021-08-18 23:53:05::REQUEST:: GET /admin
2021-08-18 23:53:13::DATABASE QUERY:: SELECT * FROM users WHERE email='tsiresy@gmail.com' AND password='anBHV2JuUCttMHRZZW5aSVBXN2dLUzR6QlkxYTVNbnFwVEVlbkpVMzI5RmxNWlBWV1VlSWExWEZJdGZLUFY2NA'
2021-08-18 23:53:22::REQUEST:: GET /login
2021-08-18 23:53:35::REQUEST:: POST /login
2021-08-18 23:53:35::DATABASE QUERY:: SELECT * FROM users WHERE email='tsiresy@gmail.com' AND password='azgxS3BSRDIvT1BYQ3hCWi9STmt1Zz09'
2021-08-18 23:53:35::REQUEST:: GET /admin
2021-08-18 23:54:12::DATABASE QUERY:: SELECT * FROM users WHERE email='tsiresy@gmail.com' AND password='anBHV2JuUCttMHRZZW5aSVBXN2dLUzR6QlkxYTVNbnFwVEVlbkpVMzI5RmxNWlBWV1VlSWExWEZJdGZLUFY2NA'
2021-08-18 23:54:16::REQUEST:: GET /login
2021-08-18 23:54:26::REQUEST:: GET /
2021-08-18 23:54:26::DATABASE QUERY:: SELECT * FROM users  WHERE (email='tsiresymila@gmail.com' AND soft_deleted='0') OR id='1'
2021-08-18 23:54:26::DATABASE QUERY:: SELECT * FROM users WHERE email='tsiresy@gmail.com'
2021-08-18 23:54:26::DATABASE QUERY:: UPDATE users SET password='azgxS3BSRDIvT1BYQ3hCWi9STmt1Zz09' WHERE email='tsiresymila@gmail.com'
2021-08-18 23:54:39::REQUEST:: GET /login
2021-08-18 23:54:40::REQUEST:: GET /login
2021-08-18 23:54:56::REQUEST:: POST /login
2021-08-18 23:54:56::DATABASE QUERY:: SELECT * FROM users WHERE email='tsiresymila@gmail.com' AND password='azgxS3BSRDIvT1BYQ3hCWi9STmt1Zz09'
2021-08-18 23:54:56::REQUEST:: GET /admin
2021-08-18 23:55:12::DATABASE QUERY:: SELECT * FROM users WHERE email='tsiresymila@gmail.com' AND password='anBHV2JuUCttMHRZZW5aSVBXN2dLUzR6QlkxYTVNbnFwVEVlbkpVMzI5RmxNWlBWV1VlSWExWEZJdGZLUFY2NA'
2021-08-18 23:55:12::REQUEST:: GET /login
2021-08-18 23:55:15::REQUEST:: POST /login
2021-08-18 23:55:15::DATABASE QUERY:: SELECT * FROM users WHERE email='tsiresy@gmail.com' AND password='azgxS3BSRDIvT1BYQ3hCWi9STmt1Zz09'
2021-08-18 23:55:16::REQUEST:: GET /admin
2021-08-18 23:55:26::DATABASE QUERY:: SELECT * FROM users WHERE email='tsiresy@gmail.com' AND password='anBHV2JuUCttMHRZZW5aSVBXN2dLUzR6QlkxYTVNbnFwVEVlbkpVMzI5RmxNWlBWV1VlSWExWEZJdGZLUFY2NA'
2021-08-18 23:55:29::REQUEST:: GET /login
2021-08-18 23:55:42::REQUEST:: POST /login
2021-08-18 23:55:42::DATABASE QUERY:: SELECT * FROM users WHERE email='tsiresy@gmail.com' AND password='azgxS3BSRDIvT1BYQ3hCWi9STmt1Zz09'
2021-08-18 23:57:39::REQUEST:: POST /login
2021-08-18 23:57:39::DATABASE QUERY:: SELECT * FROM users WHERE email='tsiresy@gmail.com' AND password='azgxS3BSRDIvT1BYQ3hCWi9STmt1Zz09'
2021-08-18 23:57:55::REQUEST:: GET /admin
2021-08-18 23:57:59::DATABASE QUERY:: SELECT * FROM users WHERE email='tsiresy@gmail.com' AND password='anBHV2JuUCttMHRZZW5aSVBXN2dLUzR6QlkxYTVNbnFwVEVlbkpVMzI5RmxNWlBWV1VlSWExWEZJdGZLUFY2NA'
2021-08-18 23:58:03::REQUEST:: GET /login
2021-08-18 23:58:07::REQUEST:: POST /login
2021-08-18 23:58:07::DATABASE QUERY:: SELECT * FROM users WHERE email='tsiresy@gmail.com' AND password='azgxS3BSRDIvT1BYQ3hCWi9STmt1Zz09'
2021-08-18 23:58:35::REQUEST:: GET /admin
2021-08-18 23:58:56::DATABASE QUERY:: SELECT * FROM users WHERE email='tsiresy@gmail.com' AND password='anBHV2JuUCttMHRZZW5aSVBXN2dLUzR6QlkxYTVNbnFwVEVlbkpVMzI5RmxNWlBWV1VlSWExWEZJdGZLUFY2NA'
2021-08-19 00:00:23::REQUEST:: GET /login
2021-08-19 00:00:26::REQUEST:: POST /login
2021-08-19 00:00:26::DATABASE QUERY:: SELECT * FROM users WHERE email='tsiresy@gmail.com' AND password='azgxS3BSRDIvT1BYQ3hCWi9STmt1Zz09'
2021-08-19 00:00:28::REQUEST:: GET /admin
2021-08-19 00:00:33::DATABASE QUERY:: SELECT * FROM users WHERE email='tsiresy@gmail.com' AND password='azgxS3BSRDIvT1BYQ3hCWi9STmt1Zz09'
2021-08-19 00:00:56::REQUEST:: GET /admin
2021-08-19 00:01:01::DATABASE QUERY:: SELECT * FROM users WHERE email='tsiresy@gmail.com' AND password='azgxS3BSRDIvT1BYQ3hCWi9STmt1Zz09'
2021-08-19 00:01:06::REQUEST:: GET /admin
2021-08-19 00:01:06::DATABASE QUERY:: SELECT * FROM users WHERE email='tsiresy@gmail.com' AND password='azgxS3BSRDIvT1BYQ3hCWi9STmt1Zz09'
2021-08-19 00:01:08::REQUEST:: GET /admin/hello
2021-08-19 00:01:08::DATABASE QUERY:: SELECT * FROM users WHERE email='tsiresy@gmail.com' AND password='azgxS3BSRDIvT1BYQ3hCWi9STmt1Zz09'
2021-08-19 00:01:12::REQUEST:: GET /admin/hello1
2021-08-19 00:01:12::DATABASE QUERY:: SELECT * FROM users WHERE email='tsiresy@gmail.com' AND password='azgxS3BSRDIvT1BYQ3hCWi9STmt1Zz09'
2021-08-19 00:01:16::REQUEST:: GET /admin/hello
2021-08-19 00:01:16::DATABASE QUERY:: SELECT * FROM users WHERE email='tsiresy@gmail.com' AND password='azgxS3BSRDIvT1BYQ3hCWi9STmt1Zz09'
2021-08-19 00:01:17::REQUEST:: GET /admin/hello
2021-08-19 00:01:17::DATABASE QUERY:: SELECT * FROM users WHERE email='tsiresy@gmail.com' AND password='azgxS3BSRDIvT1BYQ3hCWi9STmt1Zz09'
